SCChildcareMobile/proguard/seeds.txt
com.example.scchildcare.ConnectionErrorActivity
com.example.scchildcare.ConnectionErrorActivity: ConnectionErrorActivity()
com.example.scchildcare.GPS_SearchResultsActivity
com.example.scchildcare.GPS_SearchResultsActivity: GPS_SearchResultsActivity()
com.example.scchildcare.GPS_Search_AsyncTask
com.example.scchildcare.GPS_Search_AsyncTask: GPS_Search_AsyncTask()
com.example.scchildcare.MainActivity
com.example.scchildcare.MainActivity: MainActivity()
com.example.scchildcare.R$attr: int adSize
com.example.scchildcare.R$attr: int adUnitId
com.example.scchildcare.R$attr: int cameraBearing
com.example.scchildcare.R$attr: int cameraTargetLat
com.example.scchildcare.R$attr: int cameraTargetLng
com.example.scchildcare.R$attr: int cameraTilt
com.example.scchildcare.R$attr: int cameraZoom
com.example.scchildcare.R$attr: int confirm_logout
com.example.scchildcare.R$attr: int done_button_background
com.example.scchildcare.R$attr: int done_button_text
com.example.scchildcare.R$attr: int extra_fields
com.example.scchildcare.R$attr: int fetch_user_info
com.example.scchildcare.R$attr: int is_cropped
com.example.scchildcare.R$attr: int login_text
com.example.scchildcare.R$attr: int logout_text
com.example.scchildcare.R$attr: int mapType
com.example.scchildcare.R$attr: int multi_select
com.example.scchildcare.R$attr: int preset_size
com.example.scchildcare.R$attr: int radius_in_meters
com.example.scchildcare.R$attr: int results_limit
com.example.scchildcare.R$attr: int search_text
com.example.scchildcare.R$attr: int show_pictures
com.example.scchildcare.R$attr: int show_search_box
com.example.scchildcare.R$attr: int show_title_bar
com.example.scchildcare.R$attr: int title_bar_background
com.example.scchildcare.R$attr: int title_text
com.example.scchildcare.R$attr: int uiCompass
com.example.scchildcare.R$attr: int uiRotateGestures
com.example.scchildcare.R$attr: int uiScrollGestures
com.example.scchildcare.R$color: int AliceBlue
com.example.scchildcare.R$color: int AntiqueWhite
com.example.scchildcare.R$color: int Aqua
com.example.scchildcare.R$color: int Aquamarine
com.example.scchildcare.R$color: int Azure
com.example.scchildcare.R$color: int Beige
com.example.scchildcare.R$color: int Bisque
com.example.scchildcare.R$color: int Black
com.example.scchildcare.R$color: int BlanchedAlmond
com.example.scchildcare.R$color: int Blue
com.example.scchildcare.R$color: int BlueViolet
com.example.scchildcare.R$color: int Brown
com.example.scchildcare.R$color: int BurlyWood
com.example.scchildcare.R$color: int CadetBlue
com.example.scchildcare.R$color: int Chartreuse
com.example.scchildcare.R$color: int Chocolate
com.example.scchildcare.R$color: int Coral
com.example.scchildcare.R$color: int CornflowerBlue
com.example.scchildcare.R$color: int Cornsilk
com.example.scchildcare.R$color: int Crimson
com.example.scchildcare.R$color: int Cyan
com.example.scchildcare.R$color: int DarkBlue
com.example.scchildcare.R$color: int DarkCyan
com.example.scchildcare.R$color: int DarkGoldenrod
com.example.scchildcare.R$color: int DarkGray
com.example.scchildcare.R$color: int DarkGreen
com.example.scchildcare.R$color: int DarkKhaki
com.example.scchildcare.R$color: int DarkMagenta
com.example.scchildcare.R$color: int DarkOliveGreen
com.example.scchildcare.R$color: int DarkOrange
com.example.scchildcare.R$color: int DarkOrchid
com.example.scchildcare.R$color: int fuchsia
com.example.scchildcare.R$color: int gray
com.example.scchildcare.R$color: int green
com.example.scchildcare.R$color: int lime
com.example.scchildcare.R$color: int maroon
com.example.scchildcare.R$color: int navy
com.example.scchildcare.R$color: int olive
com.example.scchildcare.R$color: int purple
com.example.scchildcare.R$color: int red
com.example.scchildcare.R$color: int silver
com.example.scchildcare.R$color: int teal
com.example.scchildcare.R$color: int white
com.example.scchildcare.R$color: int yellow
...
com.google.api.client.googleapis.auth.oauth2.GoogleAuthorizationCodeRequestUrl: java.lang.String approvalPrompt
com.google.api.client.googleapis.auth.oauth2.GoogleAuthorizationCodeRequestUrl: java.lang.String accessType
com.google.api.client.googleapis.auth.oauth2.GoogleBrowserClientRequestUrl: java.lang.String approvalPrompt
com.google.api.client.googleapis.auth.oauth2.GoogleClientSecrets: com.google.api.client.googleapis.auth.oauth2.GoogleClientSecrets$Details installed
com.google.api.client.googleapis.auth.oauth2.GoogleClientSecrets: com.google.api.client.googleapis.auth.oauth2.GoogleClientSecrets$Details web
com.google.api.client.googleapis.auth.oauth2.GoogleClientSecrets$Details: java.lang.String clientId
com.google.api.client.googleapis.auth.oauth2.GoogleClientSecrets$Details: java.lang.String clientSecret
com.google.api.client.googleapis.auth.oauth2.GoogleClientSecrets$Details: java.util.List redirectUris
com.google.api.client.googleapis.auth.oauth2.GoogleClientSecrets$Details: java.lang.String authUri
com.google.api.client.googleapis.auth.oauth2.GoogleClientSecrets$Details: java.lang.String tokenUri
com.google.api.client.googleapis.auth.oauth2.GoogleIdToken$Payload: java.lang.String userId
com.google.api.client.googleapis.auth.oauth2.GoogleIdToken$Payload: java.lang.String issuee
com.google.api.client.googleapis.auth.oauth2.GoogleIdToken$Payload: java.lang.String hostedDomain
com.google.api.client.googleapis.auth.oauth2.GoogleIdToken$Payload: java.lang.String email
com.google.api.client.googleapis.auth.oauth2.GoogleIdToken$Payload: boolean emailVerified
com.google.api.client.googleapis.auth.oauth2.GoogleTokenResponse: java.lang.String idToken
com.google.api.client.googleapis.json.GoogleJsonError: java.util.List errors
com.google.api.client.googleapis.json.GoogleJsonError: int code
com.google.api.client.googleapis.json.GoogleJsonError: java.lang.String message
com.google.api.client.googleapis.json.GoogleJsonError$ErrorInfo: java.lang.String domain
com.google.api.client.googleapis.json.GoogleJsonError$ErrorInfo: java.lang.String reason
com.google.api.client.googleapis.json.GoogleJsonError$ErrorInfo: java.lang.String message
com.google.api.client.googleapis.json.GoogleJsonError$ErrorInfo: java.lang.String location
com.google.api.client.googleapis.json.GoogleJsonError$ErrorInfo: java.lang.String locationType
com.google.api.client.googleapis.json.GoogleJsonError$ErrorInfo: java.lang.String getLocation()
com.google.api.client.googleapis.json.GoogleJsonErrorContainer: com.google.api.client.googleapis.json.GoogleJsonError error
com.google.api.client.googleapis.media.MediaHttpDownloader$DownloadState: com.google.api.client.googleapis.media.MediaHttpDownloader$DownloadState[] values()
com.google.api.client.googleapis.media.MediaHttpDownloader$DownloadState: com.google.api.client.googleapis.media.MediaHttpDownloader$DownloadState valueOf(java.lang.String)
com.google.api.client.googleapis.media.MediaHttpUploader$UploadState: com.google.api.client.googleapis.media.MediaHttpUploader$UploadState[] values()
com.google.api.client.googleapis.media.MediaHttpUploader$UploadState: com.google.api.client.googleapis.media.MediaHttpUploader$UploadState valueOf(java.lang.String)