SCChildcareMobile/proguard/mapping.txt
com.example.scchildcare.ConnectionErrorActivity -> com.example.scchildcare.ConnectionErrorActivity:
    boolean onCreateOptionsMenu(android.view.Menu) -> onCreateOptionsMenu
    void onCreate(android.os.Bundle) -> onCreate
    boolean onOptionsItemSelected(android.view.MenuItem) -> onOptionsItemSelected
com.example.scchildcare.GPS_SearchResultsActivity -> com.example.scchildcare.GPS_SearchResultsActivity:
    java.util.ArrayList containingMaps -> a
    long mLastClickTime -> e
    java.lang.String theMarker -> b
    com.google.android.gms.maps.GoogleMap mMap -> c
    org.json.JSONArray providers -> d
    boolean onCreateOptionsMenu(android.view.Menu) -> onCreateOptionsMenu
    void onCreate(android.os.Bundle) -> onCreate
com.example.scchildcare.GPS_SearchResultsActivity$1 -> com.example.scchildcare.a:
    com.example.scchildcare.GPS_SearchResultsActivity this$0 -> a
    boolean onMarkerClick(com.google.android.gms.maps.model.Marker) -> a
com.example.scchildcare.GPS_SearchResultsActivity$2 -> com.example.scchildcare.b:
    com.example.scchildcare.GPS_SearchResultsActivity this$0 -> a
    android.widget.ListView val$lv -> b
    void onItemClick(android.widget.AdapterView,android.view.View,int,long) -> onItemClick
com.example.scchildcare.GPS_SearchResultsActivity$3 -> com.example.scchildcare.c:
    com.example.scchildcare.GPS_SearchResultsActivity this$0 -> a
    java.lang.String val$aString -> b
com.example.scchildcare.GPS_SearchResultsActivity$4 -> com.example.scchildcare.d:
    com.example.scchildcare.GPS_SearchResultsActivity this$0 -> a
    void onClick(android.content.DialogInterface,int) -> onClick
com.example.scchildcare.GPS_SearchResultsActivity$SingleItemResults -> com.example.scchildcare.e:
    java.lang.String complaintSearchURL -> a
    java.lang.String complaintFullSearchURL -> b
    com.example.scchildcare.JSONParser jComplaintParser -> c
    org.json.JSONArray complaints -> d
    java.util.ArrayList complaintList -> e
    android.content.Context aContext -> f
    java.util.HashMap theMap -> g
    com.example.scchildcare.GPS_SearchResultsActivity this$0 -> h
    void onPostExecute(java.util.ArrayList) -> a
    void onPreExecute() -> onPreExecute
com.example.scchildcare.GPS_Search_AsyncTask -> com.example.scchildcare.GPS_Search_AsyncTask:
    android.widget.ProgressBar progressBar -> m
    java.lang.String param_latitude -> n
    java.lang.String param_longitude -> o
    void onCreate(android.os.Bundle) -> onCreate
com.example.scchildcare.GPS_Search_AsyncTask$GetGPSResults -> com.example.scchildcare.e:
    java.lang.String gpsURL_1 -> a
    java.lang.String gpsURL_2 -> b
    java.lang.String TAG_PROVIDERS -> c
    java.lang.String TAG_ID -> d
    java.lang.String TAG_PROVIDERNAME -> e
    java.lang.String TAG_LICENSEINFO -> f
    java.lang.String TAG_OWNERNAME -> g
    java.lang.String TAG_ADDRESS -> h
    java.lang.String TAG_CITY -> i
    java.lang.String TAG_STATE -> j
    java.lang.String TAG_ZIPCODE -> k
    java.lang.String TAG_PHONENUMBER -> l
    java.lang.String TAG_LONGITUDE -> m
    java.lang.String TAG_LATITUDE -> n
    java.lang.String TAG_CAPACITY -> o
    java.lang.String TAG_HOURS -> p
    java.lang.String TAG_SPECIALIST -> q
    java.lang.String TAG_SPECIALISTPHONE -> r
    java.lang.String TAG_QUALITY -> s
    java.lang.String TAG_LIST_OF_PROVIDERS -> t
    com.example.scchildcare.JSONParser jParser -> u
    java.lang.String latit -> v
    java.lang.String longit -> w
    org.json.JSONArray providers -> x
    java.lang.String fullGPS_URL -> y
    boolean isConnected -> z
    java.util.ArrayList storeData -> A
    android.widget.ProgressBar pBar -> B
    com.example.scchildcare.GPS_Search_AsyncTask GPS_AsyncTask -> C
    android.content.Context aContext -> D
    com.example.scchildcare.GPS_Search_AsyncTask this$0 -> E
    void onPostExecute(java.util.ArrayList) -> a
...
>>>>>>> 67cf0578b1a4060ee0eca726fb5d9ac961e9ef6f
    long access$1(com.example.scchildcare.GPS_SearchResultsActivity) -> a
    void access$2(com.example.scchildcare.GPS_SearchResultsActivity,long) -> a
<<<<<<< HEAD
    android.content.Context val$aContext -> c
=======
>>>>>>> 67cf0578b1a4060ee0eca726fb5d9ac961e9ef6f
    void onClick(android.content.DialogInterface,int) -> onClick
<<<<<<< HEAD
=======
>>>>>>> 67cf0578b1a4060ee0eca726fb5d9ac961e9ef6f
    java.util.ArrayList doInBackground(java.lang.String[]) -> a
    boolean isURLReachable(android.content.Context) -> a
    void onPostExecute(java.lang.Object) -> onPostExecute
    java.lang.Object doInBackground(java.lang.Object[]) -> doInBackground
<<<<<<< HEAD
    long mLastClickTime -> t
    android.widget.EditText editText -> o
    android.widget.ImageButton button1 -> p
    android.widget.ImageButton button2 -> q
    com.google.android.gms.location.LocationClient mLocationClient -> u
    android.location.Location mCurrentLocation -> r
    android.location.LocationManager locationManager -> s
    void onActivityResult(int,int,android.content.Intent) -> onActivityResult
    boolean servicesConnected() -> g
    void onConnected(android.os.Bundle) -> a
=======
    long mLastClickTime -> u
    android.widget.EditText editText -> o
    android.widget.ImageButton button1 -> p
    android.widget.ImageButton button2 -> q
    com.google.android.gms.location.LocationClient mLocationClient -> v
    android.location.Location mCurrentLocation -> r
    android.location.LocationManager locationManager -> s
    boolean done -> t
    void onActivityResult(int,int,android.content.Intent) -> onActivityResult
    void onConnected(android.os.Bundle) -> a
    boolean servicesConnected() -> g
>>>>>>> 67cf0578b1a4060ee0eca726fb5d9ac961e9ef6f
    void onCreate(android.os.Bundle) -> onCreate
    void showConnectionAlertToUser() -> h
    void MessageToUser() -> i
    void onDisconnected() -> f
<<<<<<< HEAD
    void onConnectionFailed(com.google.android.gms.common.ConnectionResult) -> a
=======
>>>>>>> 67cf0578b1a4060ee0eca726fb5d9ac961e9ef6f
    void onDestroy() -> onDestroy
    void onPause() -> onPause
    void onResume() -> onResume
    void onStart() -> onStart
    void onStop() -> onStop
    void showErrorDialog(int) -> b
    boolean onCreateOptionsMenu(android.view.Menu) -> onCreateOptionsMenu
    boolean isNetworkAvailable() -> j
    void showGPSDisabledAlertToUser() -> k
<<<<<<< HEAD
=======
    void onConnectionFailed(com.google.android.gms.common.ConnectionResult) -> a
>>>>>>> 67cf0578b1a4060ee0eca726fb5d9ac961e9ef6f
    long access$0(com.example.scchildcare.MainActivity) -> a
    void access$1(com.example.scchildcare.MainActivity,long) -> a
    boolean access$2(com.example.scchildcare.MainActivity) -> b
    boolean access$3(com.example.scchildcare.MainActivity) -> c
    com.google.android.gms.location.LocationClient access$4(com.example.scchildcare.MainActivity) -> d
    void access$5(com.example.scchildcare.MainActivity) -> e
    void access$6(com.example.scchildcare.MainActivity) -> f
    void access$7(com.example.scchildcare.MainActivity) -> g
<<<<<<< HEAD
=======