SCChildcareMobile/proguard/usage.txt
com.example.scchildcare.BuildConfig
com.example.scchildcare.GPS_JSONParser
com.example.scchildcare.GPS_SearchResultsActivity:
    private static final java.lang.String TAG_ID
    private static final java.lang.String TAG_PROVIDERNAME
    private static final java.lang.String TAG_LICENSEINFO
    private static final java.lang.String TAG_OWNERNAME
    private static final java.lang.String TAG_ADDRESS
    private static final java.lang.String TAG_CITY
    private static final java.lang.String TAG_STATE
    private static final java.lang.String TAG_ZIPCODE
    private static final java.lang.String TAG_PHONENUMBER
    private static final java.lang.String TAG_LONGITUDE
    private static final java.lang.String TAG_LATITUDE
    private static final java.lang.String TAG_CAPACITY
    private static final java.lang.String TAG_HOURS
    private static final java.lang.String TAG_SPECIALIST
    private static final java.lang.String TAG_SPECIALISTPHONE
    private static final java.lang.String TAG_QUALITY
    private static final java.lang.String TAG_LIST_OF_PROVIDERS
    public static final java.lang.String SORRY_MESSAGE
com.example.scchildcare.GPS_SearchResultsActivity$SingleItemResults:
    private static final java.lang.String TAG_COMPLAINTTYPE
    private static final java.lang.String TAG_COMPLAINTDATE
    private static final java.lang.String TAG_COMPLAINTRESOLVED
    private static final java.lang.String TAG_COMPLAINTS
    private static final java.lang.String TAG_CENTER_DATA
com.example.scchildcare.MainActivity:
    public static final java.lang.String EXTRA_MESSAGE
    android.widget.TextView geocodeLabel
    android.widget.EditText addressText
    private static final int CONNECTION_FAILURE_RESOLUTION_REQUEST
    public static final java.lang.String APPTAG
    430:431:public void makeToast(java.lang.String)
com.example.scchildcare.MainFragment
com.example.scchildcare.MainFragment$1
com.example.scchildcare.R
com.example.scchildcare.R$attr
com.example.scchildcare.R$color
com.example.scchildcare.R$dimen
com.example.scchildcare.R$drawable
com.example.scchildcare.R$id
com.example.scchildcare.R$integer
com.example.scchildcare.R$layout
com.example.scchildcare.R$menu
com.example.scchildcare.R$string
com.example.scchildcare.R$style
com.example.scchildcare.R$styleable
com.example.scchildcare.SearchResultsActivity:
    private static final java.lang.String TAG_ID
    private static final java.lang.String TAG_PROVIDERNAME
    private static final java.lang.String TAG_LICENSEINFO
    private static final java.lang.String TAG_OWNERNAME
    private static final java.lang.String TAG_ADDRESS
    private static final java.lang.String TAG_CITY
    private static final java.lang.String TAG_STATE
    private static final java.lang.String TAG_ZIPCODE
    private static final java.lang.String TAG_PHONENUMBER
    private static final java.lang.String TAG_LONGITUDE
    private static final java.lang.String TAG_LATITUDE
    private static final java.lang.String TAG_CAPACITY
    private static final java.lang.String TAG_HOURS
    private static final java.lang.String TAG_SPECIALIST
    private static final java.lang.String TAG_SPECIALISTPHONE
    private static final java.lang.String TAG_QUALITY
    private static final java.lang.String TAG_LIST_OF_PROVIDERS
    public static final java.lang.String SORRY_MESSAGE
com.example.scchildcare.SearchResultsActivity$SingleItemResults:
    private static final java.lang.String TAG_COMPLAINTTYPE
    private static final java.lang.String TAG_COMPLAINTDATE
    private static final java.lang.String TAG_COMPLAINTRESOLVED
    private static final java.lang.String TAG_COMPLAINTS
    private static final java.lang.String TAG_CENTER_DATA
...
android.UnusedStub
android.support.v4.accessibilityservice.AccessibilityServiceInfoCompat
android.support.v4.accessibilityservice.AccessibilityServiceInfoCompat$AccessibilityServiceInfoIcsImpl
android.support.v4.accessibilityservice.AccessibilityServiceInfoCompat$AccessibilityServiceInfoStubImpl
android.support.v4.accessibilityservice.AccessibilityServiceInfoCompat$AccessibilityServiceInfoVersionImpl
android.support.v4.accessibilityservice.AccessibilityServiceInfoCompatIcs
android.support.v4.app.ActivityCompat
android.support.v4.app.ActivityCompatHoneycomb:
    27:27:ActivityCompatHoneycomb()
    34:35:static void dump(android.app.Activity,java.lang.String,java.io.FileDescriptor,java.io.PrintWriter,java.lang.String[])
android.support.v4.app.BackStackRecord:
    static final java.lang.String TAG
    static final int OP_NULL
    static final int OP_ADD
    static final int OP_REPLACE
    static final int OP_REMOVE
    static final int OP_HIDE
    static final int OP_SHOW
    static final int OP_DETACH
    static final int OP_ATTACH
    296:296:public int getId()
    300:300:public int getBreadCrumbTitleRes()
    304:304:public int getBreadCrumbShortTitleRes()
    308:311:public java.lang.CharSequence getBreadCrumbTitle()
    315:318:public java.lang.CharSequence getBreadCrumbShortTitle()
    342:343:public android.support.v4.app.FragmentTransaction add(int,android.support.v4.app.Fragment)
    347:348:public android.support.v4.app.FragmentTransaction add(int,android.support.v4.app.Fragment,java.lang.String)
    379:379:public android.support.v4.app.FragmentTransaction replace(int,android.support.v4.app.Fragment)
    383:388:public android.support.v4.app.FragmentTransaction replace(int,android.support.v4.app.Fragment,java.lang.String)
    401:406:public android.support.v4.app.FragmentTransaction hide(android.support.v4.app.Fragment)
    410:415:public android.support.v4.app.FragmentTransaction show(android.support.v4.app.Fragment)
    419:424:public android.support.v4.app.FragmentTransaction detach(android.support.v4.app.Fragment)
    428:433:public android.support.v4.app.FragmentTransaction attach(android.support.v4.app.Fragment)
android.support.v4.app.DialogFragment:
    public static final int STYLE_NORMAL
    public static final int STYLE_NO_TITLE
    public static final int STYLE_NO_FRAME
    public static final int STYLE_NO_INPUT
    private static final java.lang.String SAVED_DIALOG_STATE_TAG
    private static final java.lang.String SAVED_STYLE
    private static final java.lang.String SAVED_THEME
    private static final java.lang.String SAVED_CANCELABLE
    private static final java.lang.String SAVED_SHOWS_DIALOG
    private static final java.lang.String SAVED_BACK_STACK_ID
    102:109:public void setStyle(int,int)
    140:145:public int show(android.support.v4.app.FragmentTransaction,java.lang.String)
    155:156:public void dismiss()
    165:166:public void dismissAllowingStateLoss()
    195:195:public android.app.Dialog getDialog()
    212:214:public void setCancelable(boolean)
    220:220:public boolean isCancelable()
    241:242:public void setShowsDialog(boolean)
    248:248:public boolean getShowsDialog()